#
# There is insufficient memory for the Java Runtime Environment to continue.
# Native memory allocation (malloc) failed to allocate 155600 bytes for Chunk::new
# Possible reasons:
#   The system is out of physical RAM or swap space
#   The process is running with CompressedOops enabled, and the Java Heap may be blocking the growth of the native heap
# Possible solutions:
#   Reduce memory load on the system
#   Increase physical memory or swap space
#   Check if swap backing store is full
#   Decrease Java heap size (-Xmx/-Xms)
#   Decrease number of Java threads
#   Decrease Java thread stack sizes (-Xss)
#   Set larger code cache with -XX:ReservedCodeCacheSize=
#   JVM is running with Unscaled Compressed Oops mode in which the Java heap is
#     placed in the first 4GB address space. The Java Heap base address is the
#     maximum limit for the native heap growth. Please use -XX:HeapBaseMinAddress
#     to set the Java Heap base and to place the Java Heap above 4GB virtual address.
# This output file may be truncated or incomplete.
#
#  Out of Memory Error (arena.cpp:191), pid=16580, tid=17320
#
# JRE version: OpenJDK Runtime Environment Temurin-17.0.9+9 (17.0.9+9) (build 17.0.9+9)
# Java VM: OpenJDK 64-Bit Server VM Temurin-17.0.9+9 (17.0.9+9, mixed mode, tiered, compressed oops, compressed class ptrs, parallel gc, windows-amd64)
# No core dump will be written. Minidumps are not enabled by default on client versions of Windows
#

---------------  S U M M A R Y ------------

Command Line: --add-modules=ALL-SYSTEM --add-opens=java.base/java.util=ALL-UNNAMED --add-opens=java.base/java.lang=ALL-UNNAMED --add-opens=java.base/sun.nio.fs=ALL-UNNAMED -Declipse.application=org.eclipse.jdt.ls.core.id1 -Dosgi.bundles.defaultStartLevel=4 -Declipse.product=org.eclipse.jdt.ls.core.product -Djava.import.generatesMetadataFilesAtProjectRoot=false -DDetectVMInstallationsJob.disabled=true -Dfile.encoding=utf8 -XX:+UseParallelGC -XX:GCTimeRatio=4 -XX:AdaptiveSizePolicyWeight=90 -Dsun.zip.disableMemoryMapping=true -Xmx1G -Xms100m -Xlog:disable -javaagent:c:\Users\hp\.vscode\extensions\redhat.java-1.25.1-win32-x64\lombok\lombok-1.18.30.jar c:\Users\hp\.vscode\extensions\redhat.java-1.25.1-win32-x64\server\plugins\org.eclipse.equinox.launcher_1.6.600.v20231106-1826.jar -configuration c:\Users\hp\AppData\Roaming\Code\User\globalStorage\redhat.java\1.25.1\config_ss_win -data c:\Users\hp\AppData\Roaming\Code\User\workspaceStorage\5778e10f0b8c69b0e4ebcc1d9b199f1b\redhat.java\ss_ws --stdio

Host: AMD Athlon Silver 3050U with Radeon Graphics   , 2 cores, 3G,  Windows 11 , 64 bit Build 22621 (10.0.22621.2506)
Time: Sun Jan  7 20:45:14 2024 SE Asia Standard Time elapsed time: 9.562426 seconds (0d 0h 0m 9s)

---------------  T H R E A D  ---------------

Current thread (0x000002262573a550):  JavaThread "C2 CompilerThread0" daemon [_thread_in_native, id=17320, stack(0x0000005396900000,0x0000005396a00000)]


Current CompileTask:
C2:   9562 1748       4       java.io.DataInputStream::readInt (68 bytes)

Stack: [0x0000005396900000,0x0000005396a00000]
Native frames: (J=compiled Java code, j=interpreted, Vv=VM code, C=native code)
V  [jvm.dll+0x67cf49]
V  [jvm.dll+0x83478a]
V  [jvm.dll+0x83624e]
V  [jvm.dll+0x8368b3]
V  [jvm.dll+0x247f1f]
V  [jvm.dll+0xac43c]
V  [jvm.dll+0xaca8c]
V  [jvm.dll+0x367067]
V  [jvm.dll+0x3313ba]
V  [jvm.dll+0x33085a]
V  [jvm.dll+0x21a5b1]
V  [jvm.dll+0x2199d1]
V  [jvm.dll+0x1a57cd]
V  [jvm.dll+0x2297ae]
V  [jvm.dll+0x22797c]
V  [jvm.dll+0x7e9877]
V  [jvm.dll+0x7e3c3a]
V  [jvm.dll+0x67be35]
C  [ucrtbase.dll+0x29363]
C  [KERNEL32.DLL+0x1257d]
C  [ntdll.dll+0x5aa58]


---------------  P R O C E S S  ---------------

Threads class SMR info:
_java_thread_list=0x000002262b0900e0, length=17, elements={
0x000002260f9b7910, 0x0000022625704020, 0x0000022625704db0, 0x0000022625734330,
0x0000022625734fc0, 0x0000022625735d50, 0x00000226257398a0, 0x000002262573a550,
0x000002262579cd00, 0x000002262579d9c0, 0x000002260fa18da0, 0x000002262a57d3c0,
0x000002262aab3480, 0x000002262a972770, 0x000002262acacbe0, 0x000002262ad06100,
0x000002262b0a7000
}

Java Threads: ( => current thread )
  0x000002260f9b7910 JavaThread "main" [_thread_blocked, id=12700, stack(0x0000005396000000,0x0000005396100000)]
  0x0000022625704020 JavaThread "Reference Handler" daemon [_thread_blocked, id=28164, stack(0x0000005396300000,0x0000005396400000)]
  0x0000022625704db0 JavaThread "Finalizer" daemon [_thread_blocked, id=21056, stack(0x0000005396400000,0x0000005396500000)]
  0x0000022625734330 JavaThread "Signal Dispatcher" daemon [_thread_blocked, id=27980, stack(0x0000005396500000,0x0000005396600000)]
  0x0000022625734fc0 JavaThread "Attach Listener" daemon [_thread_blocked, id=30132, stack(0x0000005396600000,0x0000005396700000)]
  0x0000022625735d50 JavaThread "Service Thread" daemon [_thread_blocked, id=30900, stack(0x0000005396700000,0x0000005396800000)]
  0x00000226257398a0 JavaThread "Monitor Deflation Thread" daemon [_thread_blocked, id=8572, stack(0x0000005396800000,0x0000005396900000)]
=>0x000002262573a550 JavaThread "C2 CompilerThread0" daemon [_thread_in_native, id=17320, stack(0x0000005396900000,0x0000005396a00000)]
  0x000002262579cd00 JavaThread "C1 CompilerThread0" daemon [_thread_blocked, id=8788, stack(0x0000005396a00000,0x0000005396b00000)]
  0x000002262579d9c0 JavaThread "Sweeper thread" daemon [_thread_blocked, id=30928, stack(0x0000005396b00000,0x0000005396c00000)]
  0x000002260fa18da0 JavaThread "Common-Cleaner" daemon [_thread_blocked, id=9136, stack(0x0000005396c00000,0x0000005396d00000)]
  0x000002262a57d3c0 JavaThread "Notification Thread" daemon [_thread_blocked, id=18212, stack(0x0000005396d00000,0x0000005396e00000)]
  0x000002262aab3480 JavaThread "Active Thread: Equinox Container: 6103b346-8a3e-45c5-8926-c4f4e7f71311" [_thread_blocked, id=11788, stack(0x0000005397000000,0x0000005397100000)]
  0x000002262a972770 JavaThread "Framework Event Dispatcher: Equinox Container: 6103b346-8a3e-45c5-8926-c4f4e7f71311" daemon [_thread_blocked, id=31496, stack(0x0000005397100000,0x0000005397200000)]
  0x000002262acacbe0 JavaThread "Start Level: Equinox Container: 6103b346-8a3e-45c5-8926-c4f4e7f71311" daemon [_thread_in_vm, id=30880, stack(0x0000005397200000,0x0000005397300000)]
  0x000002262ad06100 JavaThread "SCR Component Actor" daemon [_thread_blocked, id=19908, stack(0x0000005397300000,0x0000005397400000)]
  0x000002262b0a7000 JavaThread "SCR Component Registry" daemon [_thread_blocked, id=31688, stack(0x0000005397400000,0x0000005397500000)]

Other Threads:
  0x000002260fa67b50 VMThread "VM Thread" [stack: 0x0000005396200000,0x0000005396300000] [id=28456]
  0x000002262a57d8a0 WatcherThread [stack: 0x0000005396e00000,0x0000005396f00000] [id=18220]
  0x000002260f9cdd80 GCTaskThread "GC Thread#0" [stack: 0x0000005396100000,0x0000005396200000] [id=20064]
  0x000002262aacd470 GCTaskThread "GC Thread#1" [stack: 0x0000005396f00000,0x0000005397000000] [id=5312]

Threads with active compile tasks:
C2 CompilerThread0     9600 1748       4       java.io.DataInputStream::readInt (68 bytes)

VM state: not at safepoint (normal execution)

VM Mutex/Monitor currently owned by a thread: None

Heap address: 0x00000000c0000000, size: 1024 MB, Compressed Oops mode: 32-bit

CDS archive(s) not mapped
Compressed class space mapped at: 0x0000000100000000-0x0000000140000000, reserved size: 1073741824
Narrow klass base: 0x0000000000000000, Narrow klass shift: 3, Narrow klass range: 0x140000000

GC Precious Log:
 CPUs: 2 total, 2 available
 Memory: 3497M
 Large Page Support: Disabled
 NUMA Support: Disabled
 Compressed Oops: Enabled (32-bit)
 Alignments: Space 512K, Generation 512K, Heap 2M
 Heap Min Capacity: 100M
 Heap Initial Capacity: 100M
 Heap Max Capacity: 1G
 Pre-touch: Disabled
 Parallel Workers: 2

Heap:
 PSYoungGen      total 29696K, used 13683K [0x00000000eab00000, 0x00000000ecc00000, 0x0000000100000000)
  eden space 25600K, 37% used [0x00000000eab00000,0x00000000eb460550,0x00000000ec400000)
  from space 4096K, 99% used [0x00000000ec800000,0x00000000ecbfc8e8,0x00000000ecc00000)
  to   space 4096K, 0% used [0x00000000ec400000,0x00000000ec400000,0x00000000ec800000)
 ParOldGen       total 68608K, used 719K [0x00000000c0000000, 0x00000000c4300000, 0x00000000eab00000)
  object space 68608K, 1% used [0x00000000c0000000,0x00000000c00b3fc8,0x00000000c4300000)
 Metaspace       used 17014K, committed 17280K, reserved 1114112K
  class space    used 1750K, committed 1856K, reserved 1048576K

Card table byte_map: [0x0000022623010000,0x0000022623220000] _byte_map_base: 0x0000022622a10000

Marking Bits: (ParMarkBitMap*) 0x00007fffe196d0b0
 Begin Bits: [0x0000022623380000, 0x0000022624380000)
 End Bits:   [0x0000022624380000, 0x0000022625380000)

Polling page: 0x0000022613e00000

Metaspace:

Usage:
  Non-class:     14.91 MB used.
      Class:      1.71 MB used.
       Both:     16.62 MB used.

Virtual space:
  Non-class space:       64.00 MB reserved,      15.06 MB ( 24%) committed,  1 nodes.
      Class space:        1.00 GB reserved,       1.81 MB ( <1%) committed,  1 nodes.
             Both:        1.06 GB reserved,      16.88 MB (  2%) committed. 

Chunk freelists:
   Non-Class:  998.00 KB
       Class:  14.21 MB
        Both:  15.18 MB

MaxMetaspaceSize: unlimited
CompressedClassSpaceSize: 1.00 GB
Initial GC threshold: 21.00 MB
Current GC threshold: 21.00 MB
CDS: off
MetaspaceReclaimPolicy: balanced
 - commit_granule_bytes: 65536.
 - commit_granule_words: 8192.
 - virtual_space_node_default_size: 8388608.
 - enlarge_chunks_in_place: 1.
 - new_chunks_are_fully_committed: 0.
 - uncommit_free_chunks: 1.
 - use_allocation_guard: 0.
 - handle_deallocations: 1.


Internal statistics:

num_allocs_failed_limit: 0.
num_arena_births: 138.
num_arena_deaths: 0.
num_vsnodes_births: 2.
num_vsnodes_deaths: 0.
num_space_committed: 270.
num_space_uncommitted: 0.
num_chunks_returned_to_freelist: 0.
num_chunks_taken_from_freelist: 444.
num_chunk_merges: 0.
num_chunk_splits: 290.
num_chunks_enlarged: 209.
num_inconsistent_stats: 0.

CodeHeap 'non-profiled nmethods': size=120064Kb used=712Kb max_used=712Kb free=119352Kb
 bounds [0x000002261b8e0000, 0x000002261bb50000, 0x0000022622e20000]
CodeHeap 'profiled nmethods': size=120000Kb used=3377Kb max_used=3377Kb free=116622Kb
 bounds [0x0000022613e20000, 0x0000022614170000, 0x000002261b350000]
CodeHeap 'non-nmethods': size=5696Kb used=1173Kb max_used=1184Kb free=4523Kb
 bounds [0x000002261b350000, 0x000002261b5c0000, 0x000002261b8e0000]
 total_blobs=2230 nmethods=1761 adapters=383
 compilation: enabled
              stopped_count=0, restarted_count=0
 full_count=0

Compilation events (20 events):
Event: 9.495 Thread 0x000002262579cd00 nmethod 1742 0x0000022614155990 code [0x0000022614155b40, 0x0000022614155dd8]
Event: 9.495 Thread 0x000002262573a550 nmethod 1740 0x000002261b991310 code [0x000002261b991480, 0x000002261b991638]
Event: 9.495 Thread 0x000002262573a550 1743       4       java.util.concurrent.locks.AbstractQueuedSynchronizer::compareAndSetState (13 bytes)
Event: 9.496 Thread 0x000002262573a550 nmethod 1743 0x000002261b991710 code [0x000002261b991880, 0x000002261b991918]
Event: 9.555 Thread 0x000002262579cd00 1744   !   3       org.eclipse.osgi.storage.bundlefile.CloseableBundleFile$BundleEntryInputStream::close (86 bytes)
Event: 9.555 Thread 0x000002262579cd00 nmethod 1744 0x0000022614155f90 code [0x00000226141561a0, 0x00000226141568f8]
Event: 9.555 Thread 0x000002262579cd00 1745       3       org.eclipse.osgi.storage.bundlefile.ZipBundleEntry::getInputStream (12 bytes)
Event: 9.556 Thread 0x000002262579cd00 nmethod 1745 0x0000022614156b90 code [0x0000022614156d40, 0x0000022614156f08]
Event: 9.556 Thread 0x000002262579cd00 1746   !   3       org.eclipse.osgi.storage.bundlefile.CloseableBundleFile::getInputStream (58 bytes)
Event: 9.556 Thread 0x000002262579cd00 nmethod 1746 0x0000022614157010 code [0x00000226141572c0, 0x00000226141583f8]
Event: 9.556 Thread 0x000002262573a550 1748       4       java.io.DataInputStream::readInt (68 bytes)
Event: 9.556 Thread 0x000002262579cd00 1747       3       org.eclipse.osgi.storage.bundlefile.ZipBundleFile::doGetInputStream (9 bytes)
Event: 9.557 Thread 0x000002262579cd00 nmethod 1747 0x0000022614158a90 code [0x0000022614158c40, 0x0000022614158f68]
Event: 9.557 Thread 0x000002262579cd00 1749       3       org.eclipse.core.internal.registry.BufferedRandomInputStream::read (41 bytes)
Event: 9.557 Thread 0x000002262579cd00 nmethod 1749 0x0000022614159090 code [0x0000022614159240, 0x0000022614159468]
Event: 9.558 Thread 0x000002262579cd00 1750   !   3       org.eclipse.osgi.internal.loader.ModuleClassLoader::publicFindLoaded (28 bytes)
Event: 9.558 Thread 0x000002262579cd00 nmethod 1750 0x0000022614159590 code [0x0000022614159780, 0x0000022614159c18]
Event: 9.558 Thread 0x000002262579cd00 1751       3       org.eclipse.osgi.storage.bundlefile.BundleEntry::getBytes (20 bytes)
Event: 9.559 Thread 0x000002262579cd00 nmethod 1751 0x0000022614159e10 code [0x0000022614159fe0, 0x000002261415a378]
Event: 9.559 Thread 0x000002262579cd00 1752   !   3       org.eclipse.osgi.internal.loader.classpath.ClasspathManager::defineClass (636 bytes)

GC Heap History (4 events):
Event: 5.545 GC heap before
{Heap before GC invocations=1 (full 0):
 PSYoungGen      total 29696K, used 25600K [0x00000000eab00000, 0x00000000ecc00000, 0x0000000100000000)
  eden space 25600K, 100% used [0x00000000eab00000,0x00000000ec400000,0x00000000ec400000)
  from space 4096K, 0% used [0x00000000ec800000,0x00000000ec800000,0x00000000ecc00000)
  to   space 4096K, 0% used [0x00000000ec400000,0x00000000ec400000,0x00000000ec800000)
 ParOldGen       total 68608K, used 0K [0x00000000c0000000, 0x00000000c4300000, 0x00000000eab00000)
  object space 68608K, 0% used [0x00000000c0000000,0x00000000c0000000,0x00000000c4300000)
 Metaspace       used 11063K, committed 11264K, reserved 1114112K
  class space    used 1103K, committed 1216K, reserved 1048576K
}
Event: 5.593 GC heap after
{Heap after GC invocations=1 (full 0):
 PSYoungGen      total 29696K, used 3155K [0x00000000eab00000, 0x00000000ecc00000, 0x0000000100000000)
  eden space 25600K, 0% used [0x00000000eab00000,0x00000000eab00000,0x00000000ec400000)
  from space 4096K, 77% used [0x00000000ec400000,0x00000000ec714c18,0x00000000ec800000)
  to   space 4096K, 0% used [0x00000000ec800000,0x00000000ec800000,0x00000000ecc00000)
 ParOldGen       total 68608K, used 0K [0x00000000c0000000, 0x00000000c4300000, 0x00000000eab00000)
  object space 68608K, 0% used [0x00000000c0000000,0x00000000c0000000,0x00000000c4300000)
 Metaspace       used 11063K, committed 11264K, reserved 1114112K
  class space    used 1103K, committed 1216K, reserved 1048576K
}
Event: 8.060 GC heap before
{Heap before GC invocations=2 (full 0):
 PSYoungGen      total 29696K, used 28732K [0x00000000eab00000, 0x00000000ecc00000, 0x0000000100000000)
  eden space 25600K, 99% used [0x00000000eab00000,0x00000000ec3fa468,0x00000000ec400000)
  from space 4096K, 77% used [0x00000000ec400000,0x00000000ec714c18,0x00000000ec800000)
  to   space 4096K, 0% used [0x00000000ec800000,0x00000000ec800000,0x00000000ecc00000)
 ParOldGen       total 68608K, used 0K [0x00000000c0000000, 0x00000000c4300000, 0x00000000eab00000)
  object space 68608K, 0% used [0x00000000c0000000,0x00000000c0000000,0x00000000c4300000)
 Metaspace       used 15213K, committed 15424K, reserved 1114112K
  class space    used 1544K, committed 1664K, reserved 1048576K
}
Event: 8.070 GC heap after
{Heap after GC invocations=2 (full 0):
 PSYoungGen      total 29696K, used 4082K [0x00000000eab00000, 0x00000000ecc00000, 0x0000000100000000)
  eden space 25600K, 0% used [0x00000000eab00000,0x00000000eab00000,0x00000000ec400000)
  from space 4096K, 99% used [0x00000000ec800000,0x00000000ecbfc8e8,0x00000000ecc00000)
  to   space 4096K, 0% used [0x00000000ec400000,0x00000000ec400000,0x00000000ec800000)
 ParOldGen       total 68608K, used 719K [0x00000000c0000000, 0x00000000c4300000, 0x00000000eab00000)
  object space 68608K, 1% used [0x00000000c0000000,0x00000000c00b3fc8,0x00000000c4300000)
 Metaspace       used 15213K, committed 15424K, reserved 1114112K
  class space    used 1544K, committed 1664K, reserved 1048576K
}

Dll operation events (9 events):
Event: 0.038 Loaded shared library c:\Users\hp\.vscode\extensions\redhat.java-1.25.1-win32-x64\jre\17.0.9-win32-x86_64\bin\java.dll
Event: 1.170 Loaded shared library c:\Users\hp\.vscode\extensions\redhat.java-1.25.1-win32-x64\jre\17.0.9-win32-x86_64\bin\zip.dll
Event: 1.370 Loaded shared library C:\Users\hp\.vscode\extensions\redhat.java-1.25.1-win32-x64\jre\17.0.9-win32-x86_64\bin\instrument.dll
Event: 1.405 Loaded shared library C:\Users\hp\.vscode\extensions\redhat.java-1.25.1-win32-x64\jre\17.0.9-win32-x86_64\bin\net.dll
Event: 1.518 Loaded shared library C:\Users\hp\.vscode\extensions\redhat.java-1.25.1-win32-x64\jre\17.0.9-win32-x86_64\bin\nio.dll
Event: 1.555 Loaded shared library C:\Users\hp\.vscode\extensions\redhat.java-1.25.1-win32-x64\jre\17.0.9-win32-x86_64\bin\zip.dll
Event: 1.809 Loaded shared library C:\Users\hp\.vscode\extensions\redhat.java-1.25.1-win32-x64\jre\17.0.9-win32-x86_64\bin\jimage.dll
Event: 2.553 Loaded shared library c:\Users\hp\.vscode\extensions\redhat.java-1.25.1-win32-x64\jre\17.0.9-win32-x86_64\bin\verify.dll
Event: 7.561 Loaded shared library C:\Users\hp\AppData\Roaming\Code\User\globalStorage\redhat.java\1.25.1\config_ss_win\org.eclipse.equinox.launcher\org.eclipse.equinox.launcher.win32.win32.x86_64_1.2.800.v20231003-1442\eclipse_11802.dll

Deoptimization events (20 events):
Event: 8.599 Thread 0x000002262acacbe0 Uncommon trap: trap_request=0xffffff45 fr.pc=0x000002261b974f34 relative=0x0000000000002014
Event: 8.599 Thread 0x000002262acacbe0 Uncommon trap: reason=unstable_if action=reinterpret pc=0x000002261b974f34 method=java.io.WinNTFileSystem.normalize(Ljava/lang/String;II)Ljava/lang/String; @ 100 c2
Event: 8.599 Thread 0x000002262acacbe0 DEOPT PACKING pc=0x000002261b974f34 sp=0x00000053972f91f0
Event: 8.599 Thread 0x000002262acacbe0 DEOPT UNPACKING pc=0x000002261b3a66a3 sp=0x00000053972f9130 mode 2
Event: 9.494 Thread 0x000002262acacbe0 Uncommon trap: trap_request=0xffffffde fr.pc=0x000002261b944478 relative=0x0000000000000498
Event: 9.494 Thread 0x000002262acacbe0 Uncommon trap: reason=class_check action=maybe_recompile pc=0x000002261b944478 method=java.io.DataInputStream.readInt()I @ 6 c2
Event: 9.494 Thread 0x000002262acacbe0 DEOPT PACKING pc=0x000002261b944478 sp=0x00000053972fb960
Event: 9.494 Thread 0x000002262acacbe0 DEOPT UNPACKING pc=0x000002261b3a66a3 sp=0x00000053972fb918 mode 2
Event: 9.554 Thread 0x000002262acacbe0 Uncommon trap: trap_request=0xffffffde fr.pc=0x000002261b944478 relative=0x0000000000000498
Event: 9.554 Thread 0x000002262acacbe0 Uncommon trap: reason=class_check action=maybe_recompile pc=0x000002261b944478 method=java.io.DataInputStream.readInt()I @ 6 c2
Event: 9.554 Thread 0x000002262acacbe0 DEOPT PACKING pc=0x000002261b944478 sp=0x00000053972fb8e0
Event: 9.554 Thread 0x000002262acacbe0 DEOPT UNPACKING pc=0x000002261b3a66a3 sp=0x00000053972fb898 mode 2
Event: 9.554 Thread 0x000002262acacbe0 Uncommon trap: trap_request=0xffffffde fr.pc=0x000002261b944478 relative=0x0000000000000498
Event: 9.554 Thread 0x000002262acacbe0 Uncommon trap: reason=class_check action=maybe_recompile pc=0x000002261b944478 method=java.io.DataInputStream.readInt()I @ 6 c2
Event: 9.554 Thread 0x000002262acacbe0 DEOPT PACKING pc=0x000002261b944478 sp=0x00000053972fb8d0
Event: 9.554 Thread 0x000002262acacbe0 DEOPT UNPACKING pc=0x000002261b3a66a3 sp=0x00000053972fb888 mode 2
Event: 9.554 Thread 0x000002262acacbe0 Uncommon trap: trap_request=0xffffffde fr.pc=0x000002261b944478 relative=0x0000000000000498
Event: 9.554 Thread 0x000002262acacbe0 Uncommon trap: reason=class_check action=maybe_recompile pc=0x000002261b944478 method=java.io.DataInputStream.readInt()I @ 6 c2
Event: 9.554 Thread 0x000002262acacbe0 DEOPT PACKING pc=0x000002261b944478 sp=0x00000053972fb8d0
Event: 9.554 Thread 0x000002262acacbe0 DEOPT UNPACKING pc=0x000002261b3a66a3 sp=0x00000053972fb888 mode 2

Classes unloaded (0 events):
No events

Classes redefined (0 events):
No events

Internal exceptions (20 events):
Event: 3.728 Thread 0x000002260f9b7910 Exception <a 'java/io/FileNotFoundException'{0x00000000eb88d100}> (0x00000000eb88d100) 
thrown [s\src\hotspot\share\prims\jni.cpp, line 516]
Event: 4.572 Thread 0x000002260f9b7910 Exception <a 'java/lang/ClassNotFoundException'{0x00000000ec0964d0}: sun/net/www/protocol/c/Handler> (0x00000000ec0964d0) 
thrown [s\src\hotspot\share\classfile\systemDictionary.cpp, line 256]
Event: 4.572 Thread 0x000002260f9b7910 Exception <a 'java/lang/ClassNotFoundException'{0x00000000ec097820}: sun/net/www/protocol/c/Handler> (0x00000000ec097820) 
thrown [s\src\hotspot\share\classfile\systemDictionary.cpp, line 256]
Event: 4.573 Thread 0x000002260f9b7910 Exception <a 'java/lang/ClassNotFoundException'{0x00000000ec0989c0}: sun/net/www/protocol/c/Handler> (0x00000000ec0989c0) 
thrown [s\src\hotspot\share\classfile\systemDictionary.cpp, line 256]
Event: 4.715 Thread 0x000002260f9b7910 Exception <a 'java/io/FileNotFoundException'{0x00000000ec0b7570}> (0x00000000ec0b7570) 
thrown [s\src\hotspot\share\prims\jni.cpp, line 516]
Event: 5.055 Thread 0x000002260f9b7910 Implicit null exception at 0x000002261b91dd5b to 0x000002261b91e674
Event: 5.055 Thread 0x000002260f9b7910 Implicit null exception at 0x000002261b92796c to 0x000002261b927b48
Event: 5.055 Thread 0x000002260f9b7910 Implicit null exception at 0x000002261b9272ec to 0x000002261b9274c8
Event: 5.055 Thread 0x000002260f9b7910 Implicit null exception at 0x000002261b920d8f to 0x000002261b920e05
Event: 5.395 Thread 0x000002260f9b7910 Exception <a 'java/lang/NoSuchMethodError'{0x00000000ec383c68}: 'int java.lang.invoke.DirectMethodHandle$Holder.invokeStaticInit(java.lang.Object, java.lang.Object, java.lang.Object, java.lang.Object)'> (0x00000000ec383c68) 
thrown [s\src\hotspot\share\interpreter\linkResolver.cpp, line 759]
Event: 5.401 Thread 0x000002260f9b7910 Exception <a 'java/lang/NoSuchMethodError'{0x00000000ec38e2d8}: 'java.lang.Object java.lang.invoke.DirectMethodHandle$Holder.invokeInterface(java.lang.Object, java.lang.Object)'> (0x00000000ec38e2d8) 
thrown [s\src\hotspot\share\interpreter\linkResolver.cpp, line 759]
Event: 5.402 Thread 0x000002260f9b7910 Exception <a 'java/lang/IncompatibleClassChangeError'{0x00000000ec391ad0}: Found class java.lang.Object, but interface was expected> (0x00000000ec391ad0) 
thrown [s\src\hotspot\share\interpreter\linkResolver.cpp, line 826]
Event: 5.462 Thread 0x000002260f9b7910 Exception <a 'java/lang/NoSuchMethodError'{0x00000000ec395fc8}: 'void java.lang.invoke.DirectMethodHandle$Holder.invokeStatic(java.lang.Object, java.lang.Object)'> (0x00000000ec395fc8) 
thrown [s\src\hotspot\share\interpreter\linkResolver.cpp, line 759]
Event: 5.472 Thread 0x000002260f9b7910 Exception <a 'java/lang/NoSuchMethodError'{0x00000000ec3997c8}: 'void java.lang.invoke.DirectMethodHandle$Holder.invokeStaticInit(java.lang.Object, java.lang.Object)'> (0x00000000ec3997c8) 
thrown [s\src\hotspot\share\interpreter\linkResolver.cpp, line 759]
Event: 5.474 Thread 0x000002260f9b7910 Exception <a 'java/lang/NoSuchMethodError'{0x00000000ec3a0b50}: 'int java.lang.invoke.DirectMethodHandle$Holder.invokeStaticInit(java.lang.Object, java.lang.Object)'> (0x00000000ec3a0b50) 
thrown [s\src\hotspot\share\interpreter\linkResolver.cpp, line 759]
Event: 5.774 Thread 0x000002260f9b7910 Exception <a 'java/lang/NoSuchMethodError'{0x00000000eabcc858}: 'void java.lang.invoke.DirectMethodHandle$Holder.invokeSpecial(java.lang.Object, java.lang.Object, java.lang.Object)'> (0x00000000eabcc858) 
thrown [s\src\hotspot\share\interpreter\linkResolver.cpp, line 759]
Event: 6.960 Thread 0x000002260f9b7910 Exception <a 'java/lang/NoSuchMethodError'{0x00000000eb85c590}: 'java.lang.Object java.lang.invoke.DirectMethodHandle$Holder.newInvokeSpecial(java.lang.Object, int, java.lang.Object)'> (0x00000000eb85c590) 
thrown [s\src\hotspot\share\interpreter\linkResolver.cpp, line 759]
Event: 7.553 Thread 0x000002260f9b7910 Exception <a 'java/lang/UnsatisfiedLinkError'{0x00000000ebd8ef28}: 'void org.eclipse.equinox.launcher.JNIBridge._update_splash()'> (0x00000000ebd8ef28) 
thrown [s\src\hotspot\share\prims\nativeLookup.cpp, line 543]
Event: 7.761 Thread 0x000002262acacbe0 Exception <a 'java/lang/NoSuchMethodError'{0x00000000ebff5c58}: 'java.lang.Object java.lang.invoke.DirectMethodHandle$Holder.invokeStaticInit(java.lang.Object)'> (0x00000000ebff5c58) 
thrown [s\src\hotspot\share\interpreter\linkResolver.cpp, line 759]
Event: 9.486 Thread 0x000002262acacbe0 Exception <a 'java/io/FileNotFoundException'{0x00000000eb337378}> (0x00000000eb337378) 
thrown [s\src\hotspot\share\prims\jni.cpp, line 516]

VM Operations (20 events):
Event: 5.545 Executing VM operation: ParallelGCFailedAllocation
Event: 5.593 Executing VM operation: ParallelGCFailedAllocation done
Event: 6.604 Executing VM operation: Cleanup
Event: 6.636 Executing VM operation: Cleanup done
Event: 6.867 Executing VM operation: HandshakeAllThreads
Event: 6.905 Executing VM operation: HandshakeAllThreads done
Event: 6.909 Executing VM operation: HandshakeAllThreads
Event: 6.909 Executing VM operation: HandshakeAllThreads done
Event: 6.917 Executing VM operation: HandshakeAllThreads
Event: 6.917 Executing VM operation: HandshakeAllThreads done
Event: 6.951 Executing VM operation: HandshakeAllThreads
Event: 6.951 Executing VM operation: HandshakeAllThreads done
Event: 7.831 Executing VM operation: HandshakeAllThreads
Event: 7.831 Executing VM operation: HandshakeAllThreads done
Event: 7.831 Executing VM operation: Cleanup
Event: 7.836 Executing VM operation: Cleanup done
Event: 8.060 Executing VM operation: ParallelGCFailedAllocation
Event: 8.070 Executing VM operation: ParallelGCFailedAllocation done
Event: 9.082 Executing VM operation: Cleanup
Event: 9.082 Executing VM operation: Cleanup done

Events (20 events):
Event: 8.242 loading class java/util/Timer done
Event: 8.242 loading class java/util/TaskQueue
Event: 8.242 loading class java/util/TaskQueue done
Event: 8.242 loading class java/util/TimerThread
Event: 8.242 loading class java/util/TimerThread done
Event: 8.242 loading class java/util/Timer$ThreadReaper
Event: 8.242 loading class java/util/Timer$ThreadReaper done
Event: 8.242 Thread 0x000002262b0a7000 Thread added: 0x000002262b0a7000
Event: 8.355 loading class java/util/concurrent/locks/ReentrantLock$FairSync
Event: 8.355 loading class java/util/concurrent/locks/ReentrantLock$FairSync done
Event: 8.357 loading class java/util/Collections$ReverseComparator
Event: 8.357 loading class java/util/Collections$ReverseComparator done
Event: 8.629 loading class java/lang/CloneNotSupportedException
Event: 8.629 loading class java/lang/CloneNotSupportedException done
Event: 9.053 loading class java/util/TreeMap$Values
Event: 9.053 loading class java/util/TreeMap$Values done
Event: 9.053 loading class java/util/TreeMap$ValueIterator
Event: 9.053 loading class java/util/TreeMap$ValueIterator done
Event: 9.487 loading class java/util/function/IntFunction
Event: 9.487 loading class java/util/function/IntFunction done


Dynamic libraries:
0x00007ff6d1d50000 - 0x00007ff6d1d5e000 	c:\Users\hp\.vscode\extensions\redhat.java-1.25.1-win32-x64\jre\17.0.9-win32-x86_64\bin\java.exe
0x00007ff882750000 - 0x00007ff882967000 	C:\WINDOWS\SYSTEM32\ntdll.dll
0x00007ff881de0000 - 0x00007ff881ea4000 	C:\WINDOWS\System32\KERNEL32.DLL
0x00007ff87fc50000 - 0x00007ff87fff6000 	C:\WINDOWS\System32\KERNELBASE.dll
0x00007ff880260000 - 0x00007ff880371000 	C:\WINDOWS\System32\ucrtbase.dll
0x00007ff8716e0000 - 0x00007ff8716f7000 	c:\Users\hp\.vscode\extensions\redhat.java-1.25.1-win32-x64\jre\17.0.9-win32-x86_64\bin\jli.dll
0x00007ff86e4b0000 - 0x00007ff86e4cb000 	c:\Users\hp\.vscode\extensions\redhat.java-1.25.1-win32-x64\jre\17.0.9-win32-x86_64\bin\VCRUNTIME140.dll
0x00007ff881b80000 - 0x00007ff881d2e000 	C:\WINDOWS\System32\USER32.dll
0x00007ff8800c0000 - 0x00007ff8800e6000 	C:\WINDOWS\System32\win32u.dll
0x00007ff8824e0000 - 0x00007ff882509000 	C:\WINDOWS\System32\GDI32.dll
0x00007ff86d620000 - 0x00007ff86d8b3000 	C:\WINDOWS\WinSxS\amd64_microsoft.windows.common-controls_6595b64144ccf1df_6.0.22621.2506_none_270c5ae97388e100\COMCTL32.dll
0x00007ff87fb30000 - 0x00007ff87fc48000 	C:\WINDOWS\System32\gdi32full.dll
0x00007ff881d30000 - 0x00007ff881dd7000 	C:\WINDOWS\System32\msvcrt.dll
0x00007ff880400000 - 0x00007ff88049a000 	C:\WINDOWS\System32\msvcp_win.dll
0x00007ff881af0000 - 0x00007ff881b21000 	C:\WINDOWS\System32\IMM32.DLL
0x00007ff876ed0000 - 0x00007ff876edc000 	c:\Users\hp\.vscode\extensions\redhat.java-1.25.1-win32-x64\jre\17.0.9-win32-x86_64\bin\vcruntime140_1.dll
0x00007ff82ec10000 - 0x00007ff82ec9d000 	c:\Users\hp\.vscode\extensions\redhat.java-1.25.1-win32-x64\jre\17.0.9-win32-x86_64\bin\msvcp140.dll
0x00007fffe0dd0000 - 0x00007fffe1a31000 	c:\Users\hp\.vscode\extensions\redhat.java-1.25.1-win32-x64\jre\17.0.9-win32-x86_64\bin\server\jvm.dll
0x00007ff8804a0000 - 0x00007ff880551000 	C:\WINDOWS\System32\ADVAPI32.dll
0x00007ff882510000 - 0x00007ff8825b5000 	C:\WINDOWS\System32\sechost.dll
0x00007ff8822f0000 - 0x00007ff882407000 	C:\WINDOWS\System32\RPCRT4.dll
0x00007ff87f990000 - 0x00007ff87f9dd000 	C:\WINDOWS\SYSTEM32\POWRPROF.dll
0x00007ff861f80000 - 0x00007ff861f89000 	C:\WINDOWS\SYSTEM32\WSOCK32.dll
0x00007ff880f90000 - 0x00007ff881001000 	C:\WINDOWS\System32\WS2_32.dll
0x00007ff8785b0000 - 0x00007ff8785e4000 	C:\WINDOWS\SYSTEM32\WINMM.dll
0x00007ff8799d0000 - 0x00007ff8799da000 	C:\WINDOWS\SYSTEM32\VERSION.dll
0x00007ff87f970000 - 0x00007ff87f983000 	C:\WINDOWS\SYSTEM32\UMPDC.dll
0x00007ff87eac0000 - 0x00007ff87ead8000 	C:\WINDOWS\SYSTEM32\kernel.appcore.dll
0x00007ff876460000 - 0x00007ff87646a000 	c:\Users\hp\.vscode\extensions\redhat.java-1.25.1-win32-x64\jre\17.0.9-win32-x86_64\bin\jimage.dll
0x00007ff8686b0000 - 0x00007ff8688e3000 	C:\WINDOWS\SYSTEM32\DBGHELP.DLL
0x00007ff880560000 - 0x00007ff8808e9000 	C:\WINDOWS\System32\combase.dll
0x00007ff880910000 - 0x00007ff8809e7000 	C:\WINDOWS\System32\OLEAUT32.dll
0x00007ff862360000 - 0x00007ff862392000 	C:\WINDOWS\SYSTEM32\dbgcore.DLL
0x00007ff880380000 - 0x00007ff8803fa000 	C:\WINDOWS\System32\bcryptPrimitives.dll
0x00007ff876430000 - 0x00007ff87643e000 	c:\Users\hp\.vscode\extensions\redhat.java-1.25.1-win32-x64\jre\17.0.9-win32-x86_64\bin\instrument.dll
0x00007ff840e30000 - 0x00007ff840e55000 	c:\Users\hp\.vscode\extensions\redhat.java-1.25.1-win32-x64\jre\17.0.9-win32-x86_64\bin\java.dll
0x00007ff86e440000 - 0x00007ff86e458000 	c:\Users\hp\.vscode\extensions\redhat.java-1.25.1-win32-x64\jre\17.0.9-win32-x86_64\bin\zip.dll
0x00007ff881290000 - 0x00007ff881aea000 	C:\WINDOWS\System32\SHELL32.dll
0x00007ff87d9e0000 - 0x00007ff87e2d6000 	C:\WINDOWS\SYSTEM32\windows.storage.dll
0x00007ff87d8a0000 - 0x00007ff87d9de000 	C:\WINDOWS\SYSTEM32\wintypes.dll
0x00007ff881eb0000 - 0x00007ff881fa3000 	C:\WINDOWS\System32\SHCORE.dll
0x00007ff881fb0000 - 0x00007ff88200e000 	C:\WINDOWS\System32\shlwapi.dll
0x00007ff87f9f0000 - 0x00007ff87fa16000 	C:\WINDOWS\SYSTEM32\profapi.dll
0x00007ff86af40000 - 0x00007ff86af59000 	C:\Users\hp\.vscode\extensions\redhat.java-1.25.1-win32-x64\jre\17.0.9-win32-x86_64\bin\net.dll
0x00007ff878090000 - 0x00007ff8781c7000 	C:\WINDOWS\SYSTEM32\WINHTTP.dll
0x00007ff87ef40000 - 0x00007ff87efa9000 	C:\WINDOWS\system32\mswsock.dll
0x00007ff867020000 - 0x00007ff867036000 	C:\Users\hp\.vscode\extensions\redhat.java-1.25.1-win32-x64\jre\17.0.9-win32-x86_64\bin\nio.dll
0x00007ff8735f0000 - 0x00007ff873600000 	c:\Users\hp\.vscode\extensions\redhat.java-1.25.1-win32-x64\jre\17.0.9-win32-x86_64\bin\verify.dll
0x00007ff83a5a0000 - 0x00007ff83a5de000 	C:\Users\hp\AppData\Roaming\Code\User\globalStorage\redhat.java\1.25.1\config_ss_win\org.eclipse.equinox.launcher\org.eclipse.equinox.launcher.win32.win32.x86_64_1.2.800.v20231003-1442\eclipse_11802.dll
0x00007ff8820b0000 - 0x00007ff882250000 	C:\WINDOWS\System32\ole32.dll

dbghelp: loaded successfully - version: 4.0.5 - missing functions: none
symbol engine: initialized successfully - sym options: 0x614 - pdb path: .;c:\Users\hp\.vscode\extensions\redhat.java-1.25.1-win32-x64\jre\17.0.9-win32-x86_64\bin;C:\WINDOWS\SYSTEM32;C:\WINDOWS\WinSxS\amd64_microsoft.windows.common-controls_6595b64144ccf1df_6.0.22621.2506_none_270c5ae97388e100;c:\Users\hp\.vscode\extensions\redhat.java-1.25.1-win32-x64\jre\17.0.9-win32-x86_64\bin\server;C:\Users\hp\AppData\Roaming\Code\User\globalStorage\redhat.java\1.25.1\config_ss_win\org.eclipse.equinox.launcher\org.eclipse.equinox.launcher.win32.win32.x86_64_1.2.800.v20231003-1442

VM Arguments:
jvm_args: --add-modules=ALL-SYSTEM --add-opens=java.base/java.util=ALL-UNNAMED --add-opens=java.base/java.lang=ALL-UNNAMED --add-opens=java.base/sun.nio.fs=ALL-UNNAMED -Declipse.application=org.eclipse.jdt.ls.core.id1 -Dosgi.bundles.defaultStartLevel=4 -Declipse.product=org.eclipse.jdt.ls.core.product -Djava.import.generatesMetadataFilesAtProjectRoot=false -DDetectVMInstallationsJob.disabled=true -Dfile.encoding=utf8 -XX:+UseParallelGC -XX:GCTimeRatio=4 -XX:AdaptiveSizePolicyWeight=90 -Dsun.zip.disableMemoryMapping=true -Xmx1G -Xms100m -Xlog:disable -javaagent:c:\Users\hp\.vscode\extensions\redhat.java-1.25.1-win32-x64\lombok\lombok-1.18.30.jar 
java_command: c:\Users\hp\.vscode\extensions\redhat.java-1.25.1-win32-x64\server\plugins\org.eclipse.equinox.launcher_1.6.600.v20231106-1826.jar -configuration c:\Users\hp\AppData\Roaming\Code\User\globalStorage\redhat.java\1.25.1\config_ss_win -data c:\Users\hp\AppData\Roaming\Code\User\workspaceStorage\5778e10f0b8c69b0e4ebcc1d9b199f1b\redhat.java\ss_ws --stdio
java_class_path (initial): c:\Users\hp\.vscode\extensions\redhat.java-1.25.1-win32-x64\server\plugins\org.eclipse.equinox.launcher_1.6.600.v20231106-1826.jar
Launcher Type: SUN_STANDARD

[Global flags]
    uintx AdaptiveSizePolicyWeight                 = 90                                        {product} {command line}
     intx CICompilerCount                          = 2                                         {product} {ergonomic}
    uintx GCTimeRatio                              = 4                                         {product} {command line}
   size_t InitialHeapSize                          = 104857600                                 {product} {command line}
   size_t MaxHeapSize                              = 1073741824                                {product} {command line}
   size_t MaxNewSize                               = 357564416                                 {product} {ergonomic}
   size_t MinHeapDeltaBytes                        = 524288                                    {product} {ergonomic}
   size_t MinHeapSize                              = 104857600                                 {product} {command line}
   size_t NewSize                                  = 34603008                                  {product} {ergonomic}
    uintx NonNMethodCodeHeapSize                   = 5826188                                {pd product} {ergonomic}
    uintx NonProfiledCodeHeapSize                  = 122916026                              {pd product} {ergonomic}
   size_t OldSize                                  = 70254592                                  {product} {ergonomic}
    uintx ProfiledCodeHeapSize                     = 122916026                              {pd product} {ergonomic}
    uintx ReservedCodeCacheSize                    = 251658240                              {pd product} {ergonomic}
     bool SegmentedCodeCache                       = true                                      {product} {ergonomic}
   size_t SoftMaxHeapSize                          = 1073741824                             {manageable} {ergonomic}
     bool UseCompressedClassPointers               = true                           {product lp64_product} {ergonomic}
     bool UseCompressedOops                        = true                           {product lp64_product} {ergonomic}
     bool UseLargePagesIndividualAllocation        = false                                  {pd product} {ergonomic}
     bool UseParallelGC                            = true                                      {product} {command line}

Logging:
Log output configuration:
 #0: stdout all=off uptime,level,tags
 #1: stderr all=off uptime,level,tags

Environment Variables:
JAVA_HOME=C:\Users\hp\AppData\Local\Programs\Eclipse Adoptium\jdk-17.0.8.101-hotspot\
PATH=C:\PROGRA~2\Borland\CBUILD~1\Bin;C:\PROGRA~2\Borland\CBUILD~1\Projects\Bpl;C:\WINDOWS\system32;C:\WINDOWS;C:\WINDOWS\System32\Wbem;C:\WINDOWS\System32\WindowsPowerShell\v1.0\;C:\WINDOWS\System32\OpenSSH\;C:\Program Files\Git\cmd;C:\xampp\php;C:\ProgramData\ComposerSetup\bin;C:\Users\hp\AppData\Local\Programs\Eclipse Adoptium\jdk-17.0.8.101-hotspot\bin;C:\Users\hp\AppData\Local\Programs\Python\Python311\Scripts\;C:\Users\hp\AppData\Local\Programs\Python\Python311\;C:\Users\hp\AppData\Local\Microsoft\WindowsApps;;C:\Users\hp\AppData\Local\Programs\Microsoft VS Code\bin;C:\Users\hp\AppData\Roaming\Composer\vendor\bin
USERNAME=hp
OS=Windows_NT
PROCESSOR_IDENTIFIER=AMD64 Family 23 Model 24 Stepping 1, AuthenticAMD
TMP=C:\Users\hp\AppData\Local\Temp
TEMP=C:\Users\hp\AppData\Local\Temp



Periodic native trim disabled


---------------  S Y S T E M  ---------------

OS:
 Windows 11 , 64 bit Build 22621 (10.0.22621.2506)
OS uptime: 9 days 11:18 hours

CPU: total 2 (initial active 2) (2 cores per cpu, 1 threads per core) family 23 model 24 stepping 1 microcode 0x0, cx8, cmov, fxsr, mmx, 3dnowpref, sse, sse2, sse3, ssse3, sse4a, sse4.1, sse4.2, popcnt, lzcnt, tsc, tscinvbit, avx, avx2, aes, clmul, bmi1, bmi2, adx, sha, fma, vzeroupper, clflush, clflushopt
Processor Information for all 2 processors :
  Max Mhz: 2300, Current Mhz: 2300, Mhz Limit: 2300

Memory: 4k page, system-wide physical 3497M (243M free)
TotalPageFile size 14249M (AvailPageFile size 0M)
current process WorkingSet (physical memory assigned to process): 88M, peak: 88M
current process commit charge ("private bytes"): 185M, peak: 186M

vm_info: OpenJDK 64-Bit Server VM (17.0.9+9) for windows-amd64 JRE (17.0.9+9), built on Oct 26 2023 14:01:42 by "admin" with MS VC++ 16.10 / 16.11 (VS2019)

END.
